📋 *AWS Security Audit Results*
🕒 *Timestamp:* 2025-07-28 03:39 PM

*--- IAM ---*
✅ No issues found.

*--- S3 ---*
✅ No issues found.

*--- SECURITY_GROUPS ---*
✅ No issues found.

*--- MFA ---*
🛑 User 'audit-user' does NOT have MFA enabled.
👉 To enable MFA:
   - Sign in to the IAM console as an admin
   - Visit: https://console.aws.amazon.com/iam/home#/users/audit-user?section=security_credentials
   - Click "Assign MFA device"
   - Choose "Virtual MFA device" (e.g., Google Authenticator, Authy)
   - Follow the prompts to scan the QR code and complete setup



📋 *AWS Security Audit Results*
🕒 *Timestamp:* 2025-07-28 03:40 PM

*--- IAM ---*
✅ No issues found.

*--- S3 ---*
✅ No issues found.

*--- SECURITY_GROUPS ---*
✅ No issues found.

*--- MFA ---*
🛑 User 'audit-user' does NOT have MFA enabled.
👉 To enable MFA:
   - Sign in to the IAM console as an admin
   - Visit: https://console.aws.amazon.com/iam/home#/users/audit-user?section=security_credentials
   - Click "Assign MFA device"
   - Choose "Virtual MFA device" (e.g., Google Authenticator, Authy)
   - Follow the prompts to scan the QR code and complete setup



📋 *AWS Security Audit Results*
🕒 *Timestamp:* 2025-07-28 03:41 PM

*--- IAM ---*
✅ No issues found.

*--- S3 ---*
✅ No issues found.

*--- SECURITY_GROUPS ---*
✅ No issues found.

*--- MFA ---*
🛑 User 'audit-user' does NOT have MFA enabled.
👉 To enable MFA:
   - Sign in to the IAM console as an admin
   - Visit: https://console.aws.amazon.com/iam/home#/users/audit-user?section=security_credentials
   - Click "Assign MFA device"
   - Choose "Virtual MFA device" (e.g., Google Authenticator, Authy)
   - Follow the prompts to scan the QR code and complete setup



📋 *AWS Security Audit Results*
🕒 *Timestamp:* 2025-07-29 12:01 AM

*--- IAM ---*
✅ No issues found.

*--- S3 ---*
✅ No issues found.

*--- SECURITY_GROUPS ---*
✅ No issues found.

*--- MFA ---*
🛑 User 'audit-user' does NOT have MFA enabled.
👉 To enable MFA:
   - Sign in to the IAM console as an admin
   - Visit: https://console.aws.amazon.com/iam/home#/users/audit-user?section=security_credentials
   - Click "Assign MFA device"
   - Choose "Virtual MFA device" (e.g., Google Authenticator, Authy)
   - Follow the prompts to scan the QR code and complete setup



📋 *AWS Security Audit Results*
🕒 *Timestamp:* 2025-08-01 01:15 AM

*--- IAM ---*
✅ No issues found.
*--- S3 ---*
✅ No issues found.
*--- SECURITY_GROUPS ---*
✅ No issues found.
*--- MFA ---*
🛑 User 'audit-user' does NOT have MFA enabled.
👉 To enable MFA:
   - Sign in to the IAM console as an admin
   - Visit: https://console.aws.amazon.com/iam/home#/users/audit-user?section=security_credentials
   - Click "Assign MFA device"
   - Choose "Virtual MFA device" (e.g., Google Authenticator, Authy)
   - Follow the prompts to scan the QR code and complete setup


📋 *AWS Security Audit Results*
🕒 *Timestamp:* 2025-08-01 01:28 AM

*--- IAM ---*
✅ No issues found.

*--- S3 ---*
✅ No issues found.

*--- SECURITY_GROUPS ---*
✅ No issues found.

*--- MFA ---*
🛑 User 'audit-user' does NOT have MFA enabled.
👉 To enable MFA:
   - Sign in to the IAM console as an admin
   - Visit: https://console.aws.amazon.com/iam/home#/users/audit-user?section=security_credentials
   - Click "Assign MFA device"
   - Choose "Virtual MFA device" (e.g., Google Authenticator, Authy)
   - Follow the prompts to scan the QR code and complete setup


📋 *AWS Security Audit Results*
🕒 *Timestamp:* 2025-08-01 01:42 AM

*--- IAM ---*
✅ No issues found.

*--- S3 ---*
✅ No issues found.

*--- SECURITY_GROUPS ---*
✅ No issues found.

*--- MFA ---*
🛑 User 'audit-user' does NOT have MFA enabled.
👉 To enable MFA:
   - Sign in to the IAM console as an admin
   - Visit: https://console.aws.amazon.com/iam/home#/users/audit-user?section=security_credentials
   - Click "Assign MFA device"
   - Choose "Virtual MFA device" (e.g., Google Authenticator, Authy)
   - Follow the prompts to scan the QR code and complete setup


📋 *AWS Security Audit Results*
🕒 *Timestamp:* 2025-08-01 01:43 AM

*--- IAM ---*
✅ No issues found.

*--- S3 ---*
✅ No issues found.

*--- SECURITY_GROUPS ---*
✅ No issues found.

*--- MFA ---*
🛑 User 'audit-user' does NOT have MFA enabled.
👉 To enable MFA:
   - Sign in to the IAM console as an admin
   - Visit: https://console.aws.amazon.com/iam/home#/users/audit-user?section=security_credentials
   - Click "Assign MFA device"
   - Choose "Virtual MFA device" (e.g., Google Authenticator, Authy)
   - Follow the prompts to scan the QR code and complete setup


📋 *AWS Security Audit Results*
🕒 *Timestamp:* 2025-08-01 12:04 PM

*--- IAM ---*
✅ No issues found.

*--- S3 ---*
✅ No issues found.

*--- SECURITY_GROUPS ---*
✅ No issues found.

*--- MFA ---*
🛑 User 'audit-user' does NOT have MFA enabled.
👉 To enable MFA:
   - Sign in to the IAM console as an admin
   - Visit: https://console.aws.amazon.com/iam/home#/users/audit-user?section=security_credentials
   - Click "Assign MFA device"
   - Choose "Virtual MFA device" (e.g., Google Authenticator, Authy)
   - Follow the prompts to scan the QR code and complete setup


✅ Slack notification sent.
📋 *AWS Security Audit Results*
🕒 *Timestamp:* 2025-08-01 12:04 PM

*--- IAM ---*
✅ No issues found.

*--- S3 ---*
✅ No issues found.

*--- SECURITY_GROUPS ---*
✅ No issues found.

*--- MFA ---*
🛑 User 'audit-user' does NOT have MFA enabled.
👉 To enable MFA:
   - Sign in to the IAM console as an admin
   - Visit: https://console.aws.amazon.com/iam/home#/users/audit-user?section=security_credentials
   - Click "Assign MFA device"
   - Choose "Virtual MFA device" (e.g., Google Authenticator, Authy)
   - Follow the prompts to scan the QR code and complete setup


📋 *AWS Security Audit Results*
🕒 *Timestamp:* 2025-08-02 12:04 PM

*--- IAM ---*
✅ No issues found.

*--- S3 ---*
✅ No issues found.

*--- SECURITY_GROUPS ---*
✅ No issues found.

*--- MFA ---*
🛑 User 'audit-user' does NOT have MFA enabled.
👉 To enable MFA:
   - Sign in to the IAM console as an admin
   - Visit: https://console.aws.amazon.com/iam/home#/users/audit-user?section=security_credentials
   - Click "Assign MFA device"
   - Choose "Virtual MFA device" (e.g., Google Authenticator, Authy)
   - Follow the prompts to scan the QR code and complete setup


✅ Slack notification sent.
📋 *AWS Security Audit Results*
🕒 *Timestamp:* 2025-08-02 12:04 PM

*--- IAM ---*
✅ No issues found.

*--- S3 ---*
✅ No issues found.

*--- SECURITY_GROUPS ---*
✅ No issues found.

*--- MFA ---*
🛑 User 'audit-user' does NOT have MFA enabled.
👉 To enable MFA:
   - Sign in to the IAM console as an admin
   - Visit: https://console.aws.amazon.com/iam/home#/users/audit-user?section=security_credentials
   - Click "Assign MFA device"
   - Choose "Virtual MFA device" (e.g., Google Authenticator, Authy)
   - Follow the prompts to scan the QR code and complete setup


📋 *AWS Security Audit Results*
🕒 *Timestamp:* 2025-08-03 12:15 AM

*--- IAM ---*
✅ No issues found.

*--- S3 ---*
✅ No issues found.

*--- SECURITY_GROUPS ---*
✅ No issues found.

*--- MFA ---*
🛑 User 'audit-user' does NOT have MFA enabled.
👉 To enable MFA:
   - Sign in to the IAM console as an admin
   - Visit: https://console.aws.amazon.com/iam/home#/users/audit-user?section=security_credentials
   - Click "Assign MFA device"
   - Choose "Virtual MFA device" (e.g., Google Authenticator, Authy)
   - Follow the prompts to scan the QR code and complete setup


📋 *AWS Security Audit Results*
🕒 *Timestamp:* 2025-08-03 12:00 PM

*--- IAM ---*
✅ No issues found.

*--- S3 ---*
✅ No issues found.

*--- SECURITY_GROUPS ---*
✅ No issues found.

*--- MFA ---*
🛑 User 'audit-user' does NOT have MFA enabled.
👉 To enable MFA:
   - Sign in to the IAM console as an admin
   - Visit: https://console.aws.amazon.com/iam/home#/users/audit-user?section=security_credentials
   - Click "Assign MFA device"
   - Choose "Virtual MFA device" (e.g., Google Authenticator, Authy)
   - Follow the prompts to scan the QR code and complete setup


✅ Slack notification sent.
📋 *AWS Security Audit Results*
🕒 *Timestamp:* 2025-08-03 12:00 PM

*--- IAM ---*
✅ No issues found.

*--- S3 ---*
✅ No issues found.

*--- SECURITY_GROUPS ---*
✅ No issues found.

*--- MFA ---*
🛑 User 'audit-user' does NOT have MFA enabled.
👉 To enable MFA:
   - Sign in to the IAM console as an admin
   - Visit: https://console.aws.amazon.com/iam/home#/users/audit-user?section=security_credentials
   - Click "Assign MFA device"
   - Choose "Virtual MFA device" (e.g., Google Authenticator, Authy)
   - Follow the prompts to scan the QR code and complete setup


📋 *AWS Security Audit Results*
🕒 *Timestamp:* 2025-08-04 12:05 PM

*--- IAM ---*
✅ No issues found.

*--- S3 ---*
✅ No issues found.

*--- SECURITY_GROUPS ---*
✅ No issues found.

*--- MFA ---*
🛑 User 'audit-user' does NOT have MFA enabled.
👉 To enable MFA:
   - Sign in to the IAM console as an admin
   - Visit: https://console.aws.amazon.com/iam/home#/users/audit-user?section=security_credentials
   - Click "Assign MFA device"
   - Choose "Virtual MFA device" (e.g., Google Authenticator, Authy)
   - Follow the prompts to scan the QR code and complete setup


✅ Slack notification sent.
📋 *AWS Security Audit Results*
🕒 *Timestamp:* 2025-08-04 12:05 PM

*--- IAM ---*
✅ No issues found.

*--- S3 ---*
✅ No issues found.

*--- SECURITY_GROUPS ---*
✅ No issues found.

*--- MFA ---*
🛑 User 'audit-user' does NOT have MFA enabled.
👉 To enable MFA:
   - Sign in to the IAM console as an admin
   - Visit: https://console.aws.amazon.com/iam/home#/users/audit-user?section=security_credentials
   - Click "Assign MFA device"
   - Choose "Virtual MFA device" (e.g., Google Authenticator, Authy)
   - Follow the prompts to scan the QR code and complete setup


📋 *AWS Security Audit Results*
🕒 *Timestamp:* 2025-08-04 01:02 PM

*--- IAM ---*
✅ No issues found.

*--- S3 ---*
✅ No issues found.

*--- SECURITY_GROUPS ---*
✅ No issues found.

*--- MFA ---*
🛑 User 'audit-user' does NOT have MFA enabled.
👉 To enable MFA:
   - Sign in to the IAM console as an admin
   - Visit: https://console.aws.amazon.com/iam/home#/users/audit-user?section=security_credentials
   - Click "Assign MFA device"
   - Choose "Virtual MFA device" (e.g., Google Authenticator, Authy)
   - Follow the prompts to scan the QR code and complete setup


